<?xml version="1.0" encoding="UTF-8"?>
<!-- Generated by org.testng.reporters.JUnitXMLReporter -->
<testsuite ignored="1" hostname="INLaptop140.local" failures="0" tests="1" name="Emulator" time="133.403" errors="0" timestamp="04 Jun 2020 19:40:29 GMT">
  <testcase classname="com.qa.tests.EditVideoTest" name="verifyDashboardTitle" time="105.51"/>
  <testcase classname="com.qa.tests.EditVideoTest" name="verifyDeleteAddedVideo" time="0.0">
    <ignored/>
  </testcase> <!-- verifyDeleteAddedVideo -->
</testsuite> <!-- Emulator -->
