<?xml version="1.0" encoding="UTF-8"?>
<!-- Generated by org.testng.reporters.JUnitXMLReporter -->
<testsuite ignored="0" hostname="INLaptop140.local" failures="1" tests="3" name="ToolTip_TestCase" time="14.486" errors="0" timestamp="04 May 2020 15:09:50 GMT">
  <testcase classname="com.qa.tests.ToolTipTest" name="verifyToolTipText" time="3.419">
    <failure type="java.lang.AssertionError" message="expected [PRO TIP] but found [PRO TIPabc]">
      <![CDATA[java.lang.AssertionError: expected [PRO TIP] but found [PRO TIPabc]
at com.qa.tests.ToolTipTest.verifyToolTipText(ToolTipTest.java:57)
... Removed 31 stack frames]]>
    </failure>
  </testcase> <!-- verifyToolTipText -->
  <testcase classname="com.qa.tests.ToolTipTest" name="verifyToolTipHeading" time="0.0">
    <skipped/>
  </testcase> <!-- verifyToolTipHeading -->
  <testcase classname="com.qa.tests.ToolTipTest" name="verifyToolTipScreenText1" time="0.0">
    <skipped/>
  </testcase> <!-- verifyToolTipScreenText1 -->
</testsuite> <!-- ToolTip_TestCase -->
